── Attaching core tidyverse packages ──────────────────────── tidyverse 2.0.0 ──
✔ dplyr     1.1.4     ✔ readr     2.1.5
✔ forcats   1.0.1     ✔ stringr   1.5.2
✔ ggplot2   4.0.0     ✔ tibble    3.3.0
✔ lubridate 1.9.4     ✔ tidyr     1.3.1
✔ purrr     1.1.0     
── Conflicts ────────────────────────────────────────── tidyverse_conflicts() ──
✖ dplyr::filter() masks stats::filter()
✖ dplyr::lag()    masks stats::lag()
ℹ Use the conflicted package (<http://conflicted.r-lib.org/>) to force all conflicts to become errors
Rows: 5091 Columns: 7
── Column specification ────────────────────────────────────────────────────────
Delimiter: ","
chr (2): Entity, Code
dbl (5): Year, Hydropower (terawatt-hours), Solar (terawatt-hours), Wind (te...

ℹ Use `spec()` to retrieve the full column specification for this data.
ℹ Specify the column types or set `show_col_types = FALSE` to quiet this message.
spc_tbl_ [5,091 × 7] (S3: spec_tbl_df/tbl_df/tbl/data.frame)
 $ Entity                           : chr [1:5091] "Africa" "Africa" "Africa" "Africa" ...
 $ Code                             : chr [1:5091] NA NA NA NA ...
 $ Year                             : num [1:5091] 1965 1966 1967 1968 1969 ...
 $ Hydropower (terawatt-hours)      : num [1:5091] 14.3 15.6 16.2 18.6 21.6 ...
 $ Solar (terawatt-hours)           : num [1:5091] 0 0 0 0 0 0 0 0 0 0 ...
 $ Wind (terawatt-hours)            : num [1:5091] 0 0 0 0 0 0 0 0 0 0 ...
 $ Other renewables (terawatt-hours): num [1:5091] 0 0 0 0 0 0 0.164 0.165 0.17 0.175 ...
 - attr(*, "spec")=
  .. cols(
  ..   Entity = col_character(),
  ..   Code = col_character(),
  ..   Year = col_double(),
  ..   `Hydropower (terawatt-hours)` = col_double(),
  ..   `Solar (terawatt-hours)` = col_double(),
  ..   `Wind (terawatt-hours)` = col_double(),
  ..   `Other renewables (terawatt-hours)` = col_double()
  .. )
 - attr(*, "problems")=<externalptr> 
                           Entity                              Code 
                                0                              1006 
                             Year       Hydropower (terawatt-hours) 
                                0                                 0 
           Solar (terawatt-hours)             Wind (terawatt-hours) 
                                0                                 0 
Other renewables (terawatt-hours) 
                               54 
[1] "Year"                              "Hydropower (terawatt-hours)"      
[3] "Solar (terawatt-hours)"            "Wind (terawatt-hours)"            
[5] "Other renewables (terawatt-hours)"

Missing values per column:
                           Entity                              Code 
                                0                              1006 
                             Year       Hydropower (terawatt-hours) 
                                0                                 0 
           Solar (terawatt-hours)             Wind (terawatt-hours) 
                                0                                 0 
Other renewables (terawatt-hours) 
                               54 

Missing values per column after data cleaning
                           Entity                              Code 
                                0                              1006 
                             Year       Hydropower (terawatt-hours) 
                                0                                 0 
           Solar (terawatt-hours)             Wind (terawatt-hours) 
                                0                                 0 
Other renewables (terawatt-hours) 
                                0 
# A tibble: 6 × 3
  Country  Year `Hydro Power Generation`
  <chr>   <dbl>                    <dbl>
1 Brazil   1965                     24.0
2 Brazil   1966                     26.2
3 Brazil   1967                     27.4
4 Brazil   1968                     28.7
5 Brazil   1969                     30.7
6 Brazil   1970                     39.8
# A tibble: 6 × 3
   Year Brazil_Hydro India_Hydro
  <dbl>        <dbl>       <dbl>
1  1965         24.0        19.2
2  1966         26.2        20.0
3  1967         27.4        22.4
4  1968         28.7        25.8
5  1969         30.7        28.7
6  1970         39.8        30.4

Basic Summary: Brazil
   Min. 1st Qu.  Median    Mean 3rd Qu.    Max. 
  23.98  106.20  220.56  219.56  333.29  428.33 

Basic Summary: India
   Min. 1st Qu.  Median    Mean 3rd Qu.    Max. 
  19.17   48.27   68.80   71.96   94.03  139.67 

Descriptive Statistics: Brazil
         Min       Q1   Median     Mean       Q3      Max       SD    Range
25% 23.97525 106.2045 220.5625 219.5618 333.2917 428.3329 127.6331 404.3577

Descriptive Statistics: India
         Min       Q1   Median    Mean       Q3      Max       SD    Range
25% 19.16694 48.27311 68.80122 71.9581 94.02511 139.6678 35.12583 120.5009

	Wilcoxon signed rank test with continuity correction

data:  x and y
V = 1485, p-value = 1.672e-10
alternative hypothesis: true location shift is not equal to 0

   V 
1485 
[1] 1.672125e-10

 Wilcoxon Signed-Rank Test: W = 1485 p-value = 1.672125e-10 
